<?xml version="1.0" encoding="UTF-8"?>
<!-- Generated by org.testng.reporters.JUnitReportReporter -->
<testsuite hostname="Krishna" failures="0" tests="1" name="test.ValidateCategoryBox" time="2.738" errors="0" timestamp="2022-07-31T16:55:45 CDT" skipped="0">
  <testcase classname="test.ValidateCategoryBox" name="ValidateCategoryCheckBox" time="2.738"/>
  <system-out/>
</testsuite> <!-- test.ValidateCategoryBox -->
